  stdafx.cpp
C:\Dev\OS\yuza\kernel\win32stub\stdafx.cpp(1,1): warning C4819: 현재 코드 페이지(949)에서 표시할 수 없는 문자가 파일에 들어 있습니다. 데이터가 손실되지 않게 하려면 해당 파일을 유니코드 형식으로 저장하십시오.
C:\Dev\OS\yuza\kernel\win32stub\stdafx.h(1,1): warning C4819: 현재 코드 페이지(949)에서 표시할 수 없는 문자가 파일에 들어 있습니다. 데이터가 손실되지 않게 하려면 해당 파일을 유니코드 형식으로 저장하십시오.
C:\Dev\OS\yuza\kernel\win32stub\targetver.h(1,1): warning C4819: 현재 코드 페이지(949)에서 표시할 수 없는 문자가 파일에 들어 있습니다. 데이터가 손실되지 않게 하려면 해당 파일을 유니코드 형식으로 저장하십시오.
  OrangeOSAPI.cpp
C:\Dev\OS\yuza\kernel\win32stub\OrangeOSAPI.cpp(17,1): warning C4273: 'RegisterOrangeOSAPI': dll 연결이 일치하지 않습니다.
C:\Dev\OS\yuza\kernel\win32stub\OrangeOSAPI.h(13,26): message : 'RegisterOrangeOSAPI'의 이전 정의를 참조하십시오.
C:\Dev\OS\yuza\kernel\win32stub\OrangeOSAPI.cpp(26,2): error C4996: 'strcpy': This function or variable may be unsafe. Consider using strcpy_s instead. To disable deprecation, use _CRT_SECURE_NO_WARNINGS. See online help for details.
C:\Dev\OS\yuza\kernel\win32stub\OrangeOSAPI.cpp(50,1): warning C4273: 'GetOrangeOSAPI': dll 연결이 일치하지 않습니다.
C:\Dev\OS\yuza\kernel\win32stub\OrangeOSAPI.h(11,27): message : 'GetOrangeOSAPI'의 이전 정의를 참조하십시오.
C:\Dev\OS\yuza\kernel\win32stub\OrangeOSAPI.cpp(66,1): warning C4273: 'GetOrangeOSAPIByIndex': dll 연결이 일치하지 않습니다.
C:\Dev\OS\yuza\kernel\win32stub\OrangeOSAPI.h(12,27): message : 'GetOrangeOSAPIByIndex'의 이전 정의를 참조하십시오.
  SkyInputHandlerWin32.cpp
C:\Dev\OS\yuza\kernel\win32stub\SkyInputHandlerWin32.cpp(476,1): fatal error C1010: 미리 컴파일된 헤더를 찾는 동안 예기치 않은 파일의 끝이 나타났습니다. '#include "stdafx.h"'을(를) 소스에 추가하시겠습니까?
  SkyWin32FileInterface.cpp
C:\Dev\OS\yuza\kernel\win32stub\SkyWin32FileInterface.cpp(359,1): fatal error C1010: 미리 컴파일된 헤더를 찾는 동안 예기치 않은 파일의 끝이 나타났습니다. '#include "stdafx.h"'을(를) 소스에 추가하시겠습니까?
  SkyOSWin32Stub.cpp
C:\Dev\OS\yuza\kernel\win32stub\SkyOSWin32Stub.cpp(1,1): warning C4819: 현재 코드 페이지(949)에서 표시할 수 없는 문자가 파일에 들어 있습니다. 데이터가 손실되지 않게 하려면 해당 파일을 유니코드 형식으로 저장하십시오.
C:\Dev\OS\yuza\kernel\win32stub\SkyOSWin32Stub.cpp(5,10): fatal error C1083: 포함 파일을 열 수 없습니다. 'SDL.h': No such file or directory
  코드를 생성하고 있습니다...
